<?xml version="1.0" encoding="UTF-8"?>
<!-- Generated by org.testng.reporters.JUnitReportReporter -->
<testsuite hostname="Shivangi" name="automation.Reports" tests="3" failures="0" timestamp="25 Sep 2016 03:08:57 GMT" time="0.103" errors="0">
  <testcase name="testCase1" time="0.086" classname="automation.Reports"/>
  <testcase name="testCase3" time="0.009" classname="automation.Reports"/>
  <testcase name="testCase2" time="0.008" classname="automation.Reports"/>
</testsuite> <!-- automation.Reports -->
