<?xml version="1.0" encoding="UTF-8"?>
<!-- Generated by org.testng.reporters.JUnitReportReporter -->
<testsuite hostname="Shivangi" name="session.GridTesting" tests="1" failures="0" timestamp="23 Sep 2016 20:28:23 GMT" time="66.987" errors="0">
  <testcase name="simpleTest" time="66.987" classname="session.GridTesting"/>
</testsuite> <!-- session.GridTesting -->
